14:32:24.473 [main] DEBUG org.apache.poi.openxml4j.opc.PackageRelationshipCollection - Parsing relationship: /xl/_rels/workbook.xml.rels
14:32:24.482 [main] DEBUG org.apache.poi.openxml4j.opc.PackageRelationshipCollection - Parsing relationship: /_rels/.rels
14:32:24.525 [main] DEBUG org.apache.poi.openxml4j.opc.ZipPackage - Save content types part
14:32:24.527 [main] DEBUG org.apache.poi.openxml4j.opc.ZipPackage - Save package relationships
14:32:24.529 [main] DEBUG org.apache.poi.openxml4j.opc.ZipPackage - Save part 'docProps/app.xml'
14:32:24.529 [main] DEBUG org.apache.poi.openxml4j.opc.ZipPackage - Save part 'docProps/core.xml'
14:32:24.532 [main] DEBUG org.apache.poi.openxml4j.opc.ZipPackage - Save part 'xl/sharedStrings.xml'
14:32:24.533 [main] DEBUG org.apache.poi.openxml4j.opc.ZipPackage - Save part 'xl/styles.xml'
14:32:24.534 [main] DEBUG org.apache.poi.openxml4j.opc.ZipPackage - Save part 'xl/theme/theme1.xml'
14:32:24.535 [main] DEBUG org.apache.poi.openxml4j.opc.ZipPackage - Save part 'xl/workbook.xml'
14:32:24.539 [main] DEBUG org.apache.poi.openxml4j.opc.ZipPackage - Save part 'xl/worksheets/sheet1.xml'
14:32:24.539 [main] DEBUG org.apache.poi.openxml4j.opc.ZipPackage - Save part 'xl/worksheets/sheet2.xml'
14:32:24.541 [main] INFO  testCases.TC001 - Finished TC001
14:32:24.831 [main] INFO  testCases.TC001 - Starting TC002
14:32:24.833 [main] INFO  testCases.TC001 - Clicking on Free Listing
14:32:32.369 [main] INFO  testCases.TC001 - Entering invalid info and getting error message
14:32:33.740 [main] INFO  testCases.TC001 - Finished TC002
14:32:34.074 [main] INFO  testCases.TC001 - Starting TC003
14:32:34.074 [main] INFO  testCases.TC001 - Navigating back to the home page
14:32:53.530 [main] DEBUG org.apache.poi.openxml4j.opc.PackageRelationshipCollection - Parsing relationship: /xl/_rels/workbook.xml.rels
14:32:53.531 [main] DEBUG org.apache.poi.openxml4j.opc.PackageRelationshipCollection - Parsing relationship: /_rels/.rels
14:32:53.571 [main] DEBUG org.apache.poi.openxml4j.opc.ZipPackage - Save content types part
14:32:53.573 [main] DEBUG org.apache.poi.openxml4j.opc.ZipPackage - Save package relationships
14:32:53.576 [main] DEBUG org.apache.poi.openxml4j.opc.ZipPackage - Save part 'docProps/app.xml'
14:32:53.577 [main] DEBUG org.apache.poi.openxml4j.opc.ZipPackage - Save part 'docProps/core.xml'
14:32:53.579 [main] DEBUG org.apache.poi.openxml4j.opc.ZipPackage - Save part 'xl/sharedStrings.xml'
14:32:53.581 [main] DEBUG org.apache.poi.openxml4j.opc.ZipPackage - Save part 'xl/styles.xml'
14:32:53.582 [main] DEBUG org.apache.poi.openxml4j.opc.ZipPackage - Save part 'xl/theme/theme1.xml'
14:32:53.584 [main] DEBUG org.apache.poi.openxml4j.opc.ZipPackage - Save part 'xl/workbook.xml'
14:32:53.587 [main] DEBUG org.apache.poi.openxml4j.opc.ZipPackage - Save part 'xl/worksheets/sheet1.xml'
14:32:53.587 [main] DEBUG org.apache.poi.openxml4j.opc.ZipPackage - Save part 'xl/worksheets/sheet2.xml'
14:34:53.441 [main] INFO  testBase.BaseClass - Loaded properties file
14:35:22.099 [main] INFO  testBase.BaseClass - Closing pop-up
14:35:22.209 [main] INFO  testBase.BaseClass - Detecting the current location
14:35:22.716 [main] INFO  testBase.BaseClass - Searching Car Washing Services
